<?xml version="1.0" encoding="UTF-8"?>
<!-- Generated by org.testng.reporters.JUnitReportReporter -->
<testsuite skipped="0" hostname="karatnam" name="learning.hybrid.testrunner.TestRunner" tests="5" failures="0" timestamp="17 Aug 2020 04:26:49 GMT" time="140.215" errors="0">
  <testcase name="TC01" time="27.343" classname="learning.hybrid.testrunner.TestRunner"/>
  <testcase name="selectCourse" time="29.007" classname="learning.hybrid.testrunner.TestRunner"/>
  <testcase name="selectLanguage" time="28.808" classname="learning.hybrid.testrunner.TestRunner"/>
  <testcase name="courseWalkThrough" time="48.567" classname="learning.hybrid.testrunner.TestRunner"/>
  <testcase name="signOut" time="6.490" classname="learning.hybrid.testrunner.TestRunner"/>
</testsuite> <!-- learning.hybrid.testrunner.TestRunner -->
